<?xml version="1.0" encoding="UTF-8"?>
<testsuite xmlns:xsi="http://www.w3.org/2001/XMLSchema-instance" xsi:noNamespaceSchemaLocation="https://maven.apache.org/surefire/maven-surefire-plugin/xsd/surefire-test-report.xsd" name="com.cloud.AppTest" time="0.053" tests="1" errors="0" skipped="0" failures="0">
  <properties>
    <property name="java.specification.version" value="21"/>
    <property name="sun.jnu.encoding" value="UTF-8"/>
    <property name="java.class.path" value="/Users/leander/Documents/School/UHasselt/Jaar 2/Cloud Computing/PE/wallet_java_rest/wallet-service/target/test-classes:/Users/leander/Documents/School/UHasselt/Jaar 2/Cloud Computing/PE/wallet_java_rest/wallet-service/target/classes:/Users/leander/.m2/repository/junit/junit/4.11/junit-4.11.jar:/Users/leander/.m2/repository/org/hamcrest/hamcrest-core/2.2/hamcrest-core-2.2.jar:/Users/leander/.m2/repository/org/hamcrest/hamcrest/2.2/hamcrest-2.2.jar:/Users/leander/.m2/repository/org/springframework/boot/spring-boot-starter-web/3.0.13/spring-boot-starter-web-3.0.13.jar:/Users/leander/.m2/repository/org/springframework/boot/spring-boot-starter/3.0.13/spring-boot-starter-3.0.13.jar:/Users/leander/.m2/repository/org/springframework/boot/spring-boot/3.0.13/spring-boot-3.0.13.jar:/Users/leander/.m2/repository/org/springframework/boot/spring-boot-autoconfigure/3.0.13/spring-boot-autoconfigure-3.0.13.jar:/Users/leander/.m2/repository/org/springframework/boot/spring-boot-starter-logging/3.0.13/spring-boot-starter-logging-3.0.13.jar:/Users/leander/.m2/repository/ch/qos/logback/logback-classic/1.4.11/logback-classic-1.4.11.jar:/Users/leander/.m2/repository/ch/qos/logback/logback-core/1.4.11/logback-core-1.4.11.jar:/Users/leander/.m2/repository/org/slf4j/slf4j-api/2.0.9/slf4j-api-2.0.9.jar:/Users/leander/.m2/repository/org/apache/logging/log4j/log4j-to-slf4j/2.19.0/log4j-to-slf4j-2.19.0.jar:/Users/leander/.m2/repository/org/apache/logging/log4j/log4j-api/2.19.0/log4j-api-2.19.0.jar:/Users/leander/.m2/repository/org/slf4j/jul-to-slf4j/2.0.9/jul-to-slf4j-2.0.9.jar:/Users/leander/.m2/repository/jakarta/annotation/jakarta.annotation-api/2.1.1/jakarta.annotation-api-2.1.1.jar:/Users/leander/.m2/repository/org/springframework/spring-core/6.0.14/spring-core-6.0.14.jar:/Users/leander/.m2/repository/org/springframework/spring-jcl/6.0.14/spring-jcl-6.0.14.jar:/Users/leander/.m2/repository/org/yaml/snakeyaml/1.33/snakeyaml-1.33.jar:/Users/leander/.m2/repository/org/springframework/boot/spring-boot-starter-json/3.0.13/spring-boot-starter-json-3.0.13.jar:/Users/leander/.m2/repository/com/fasterxml/jackson/datatype/jackson-datatype-jdk8/2.14.3/jackson-datatype-jdk8-2.14.3.jar:/Users/leander/.m2/repository/com/fasterxml/jackson/datatype/jackson-datatype-jsr310/2.14.3/jackson-datatype-jsr310-2.14.3.jar:/Users/leander/.m2/repository/com/fasterxml/jackson/module/jackson-module-parameter-names/2.14.3/jackson-module-parameter-names-2.14.3.jar:/Users/leander/.m2/repository/org/springframework/boot/spring-boot-starter-tomcat/3.0.13/spring-boot-starter-tomcat-3.0.13.jar:/Users/leander/.m2/repository/org/apache/tomcat/embed/tomcat-embed-core/10.1.16/tomcat-embed-core-10.1.16.jar:/Users/leander/.m2/repository/org/apache/tomcat/embed/tomcat-embed-el/10.1.16/tomcat-embed-el-10.1.16.jar:/Users/leander/.m2/repository/org/apache/tomcat/embed/tomcat-embed-websocket/10.1.16/tomcat-embed-websocket-10.1.16.jar:/Users/leander/.m2/repository/org/springframework/spring-web/6.0.14/spring-web-6.0.14.jar:/Users/leander/.m2/repository/org/springframework/spring-beans/6.0.14/spring-beans-6.0.14.jar:/Users/leander/.m2/repository/io/micrometer/micrometer-observation/1.10.13/micrometer-observation-1.10.13.jar:/Users/leander/.m2/repository/io/micrometer/micrometer-commons/1.10.13/micrometer-commons-1.10.13.jar:/Users/leander/.m2/repository/org/springframework/spring-webmvc/6.0.14/spring-webmvc-6.0.14.jar:/Users/leander/.m2/repository/org/springframework/spring-aop/6.0.14/spring-aop-6.0.14.jar:/Users/leander/.m2/repository/org/springframework/spring-context/6.0.14/spring-context-6.0.14.jar:/Users/leander/.m2/repository/org/springframework/spring-expression/6.0.14/spring-expression-6.0.14.jar:/Users/leander/.m2/repository/com/squareup/okhttp3/okhttp/4.9.0/okhttp-4.9.0.jar:/Users/leander/.m2/repository/com/squareup/okio/okio/2.8.0/okio-2.8.0.jar:/Users/leander/.m2/repository/org/jetbrains/kotlin/kotlin-stdlib-common/1.7.22/kotlin-stdlib-common-1.7.22.jar:/Users/leander/.m2/repository/org/jetbrains/kotlin/kotlin-stdlib/1.7.22/kotlin-stdlib-1.7.22.jar:/Users/leander/.m2/repository/org/jetbrains/annotations/13.0/annotations-13.0.jar:/Users/leander/.m2/repository/com/fasterxml/jackson/core/jackson-databind/2.11.3/jackson-databind-2.11.3.jar:/Users/leander/.m2/repository/com/fasterxml/jackson/core/jackson-annotations/2.14.3/jackson-annotations-2.14.3.jar:/Users/leander/.m2/repository/com/fasterxml/jackson/core/jackson-core/2.14.3/jackson-core-2.14.3.jar:"/>
    <property name="java.vm.vendor" value="Homebrew"/>
    <property name="sun.arch.data.model" value="64"/>
    <property name="java.vendor.url" value="https://github.com/Homebrew/homebrew-core/issues"/>
    <property name="os.name" value="Mac OS X"/>
    <property name="java.vm.specification.version" value="21"/>
    <property name="sun.java.launcher" value="SUN_STANDARD"/>
    <property name="user.country" value="BE"/>
    <property name="sun.boot.library.path" value="/opt/homebrew/Cellar/openjdk/21.0.1/libexec/openjdk.jdk/Contents/Home/lib"/>
    <property name="sun.java.command" value="/Users/leander/Documents/School/UHasselt/Jaar 2/Cloud Computing/PE/wallet_java_rest/wallet-service/target/surefire/surefirebooter7054411052861766823.jar /Users/leander/Documents/School/UHasselt/Jaar 2/Cloud Computing/PE/wallet_java_rest/wallet-service/target/surefire 2023-12-20T01-08-59_289-jvmRun1 surefire10210526066510094290tmp surefire_012065749548099163100tmp"/>
    <property name="http.nonProxyHosts" value="local|*.local|169.254/16|*.169.254/16"/>
    <property name="jdk.debug" value="release"/>
    <property name="surefire.test.class.path" value="/Users/leander/Documents/School/UHasselt/Jaar 2/Cloud Computing/PE/wallet_java_rest/wallet-service/target/test-classes:/Users/leander/Documents/School/UHasselt/Jaar 2/Cloud Computing/PE/wallet_java_rest/wallet-service/target/classes:/Users/leander/.m2/repository/junit/junit/4.11/junit-4.11.jar:/Users/leander/.m2/repository/org/hamcrest/hamcrest-core/2.2/hamcrest-core-2.2.jar:/Users/leander/.m2/repository/org/hamcrest/hamcrest/2.2/hamcrest-2.2.jar:/Users/leander/.m2/repository/org/springframework/boot/spring-boot-starter-web/3.0.13/spring-boot-starter-web-3.0.13.jar:/Users/leander/.m2/repository/org/springframework/boot/spring-boot-starter/3.0.13/spring-boot-starter-3.0.13.jar:/Users/leander/.m2/repository/org/springframework/boot/spring-boot/3.0.13/spring-boot-3.0.13.jar:/Users/leander/.m2/repository/org/springframework/boot/spring-boot-autoconfigure/3.0.13/spring-boot-autoconfigure-3.0.13.jar:/Users/leander/.m2/repository/org/springframework/boot/spring-boot-starter-logging/3.0.13/spring-boot-starter-logging-3.0.13.jar:/Users/leander/.m2/repository/ch/qos/logback/logback-classic/1.4.11/logback-classic-1.4.11.jar:/Users/leander/.m2/repository/ch/qos/logback/logback-core/1.4.11/logback-core-1.4.11.jar:/Users/leander/.m2/repository/org/slf4j/slf4j-api/2.0.9/slf4j-api-2.0.9.jar:/Users/leander/.m2/repository/org/apache/logging/log4j/log4j-to-slf4j/2.19.0/log4j-to-slf4j-2.19.0.jar:/Users/leander/.m2/repository/org/apache/logging/log4j/log4j-api/2.19.0/log4j-api-2.19.0.jar:/Users/leander/.m2/repository/org/slf4j/jul-to-slf4j/2.0.9/jul-to-slf4j-2.0.9.jar:/Users/leander/.m2/repository/jakarta/annotation/jakarta.annotation-api/2.1.1/jakarta.annotation-api-2.1.1.jar:/Users/leander/.m2/repository/org/springframework/spring-core/6.0.14/spring-core-6.0.14.jar:/Users/leander/.m2/repository/org/springframework/spring-jcl/6.0.14/spring-jcl-6.0.14.jar:/Users/leander/.m2/repository/org/yaml/snakeyaml/1.33/snakeyaml-1.33.jar:/Users/leander/.m2/repository/org/springframework/boot/spring-boot-starter-json/3.0.13/spring-boot-starter-json-3.0.13.jar:/Users/leander/.m2/repository/com/fasterxml/jackson/datatype/jackson-datatype-jdk8/2.14.3/jackson-datatype-jdk8-2.14.3.jar:/Users/leander/.m2/repository/com/fasterxml/jackson/datatype/jackson-datatype-jsr310/2.14.3/jackson-datatype-jsr310-2.14.3.jar:/Users/leander/.m2/repository/com/fasterxml/jackson/module/jackson-module-parameter-names/2.14.3/jackson-module-parameter-names-2.14.3.jar:/Users/leander/.m2/repository/org/springframework/boot/spring-boot-starter-tomcat/3.0.13/spring-boot-starter-tomcat-3.0.13.jar:/Users/leander/.m2/repository/org/apache/tomcat/embed/tomcat-embed-core/10.1.16/tomcat-embed-core-10.1.16.jar:/Users/leander/.m2/repository/org/apache/tomcat/embed/tomcat-embed-el/10.1.16/tomcat-embed-el-10.1.16.jar:/Users/leander/.m2/repository/org/apache/tomcat/embed/tomcat-embed-websocket/10.1.16/tomcat-embed-websocket-10.1.16.jar:/Users/leander/.m2/repository/org/springframework/spring-web/6.0.14/spring-web-6.0.14.jar:/Users/leander/.m2/repository/org/springframework/spring-beans/6.0.14/spring-beans-6.0.14.jar:/Users/leander/.m2/repository/io/micrometer/micrometer-observation/1.10.13/micrometer-observation-1.10.13.jar:/Users/leander/.m2/repository/io/micrometer/micrometer-commons/1.10.13/micrometer-commons-1.10.13.jar:/Users/leander/.m2/repository/org/springframework/spring-webmvc/6.0.14/spring-webmvc-6.0.14.jar:/Users/leander/.m2/repository/org/springframework/spring-aop/6.0.14/spring-aop-6.0.14.jar:/Users/leander/.m2/repository/org/springframework/spring-context/6.0.14/spring-context-6.0.14.jar:/Users/leander/.m2/repository/org/springframework/spring-expression/6.0.14/spring-expression-6.0.14.jar:/Users/leander/.m2/repository/com/squareup/okhttp3/okhttp/4.9.0/okhttp-4.9.0.jar:/Users/leander/.m2/repository/com/squareup/okio/okio/2.8.0/okio-2.8.0.jar:/Users/leander/.m2/repository/org/jetbrains/kotlin/kotlin-stdlib-common/1.7.22/kotlin-stdlib-common-1.7.22.jar:/Users/leander/.m2/repository/org/jetbrains/kotlin/kotlin-stdlib/1.7.22/kotlin-stdlib-1.7.22.jar:/Users/leander/.m2/repository/org/jetbrains/annotations/13.0/annotations-13.0.jar:/Users/leander/.m2/repository/com/fasterxml/jackson/core/jackson-databind/2.11.3/jackson-databind-2.11.3.jar:/Users/leander/.m2/repository/com/fasterxml/jackson/core/jackson-annotations/2.14.3/jackson-annotations-2.14.3.jar:/Users/leander/.m2/repository/com/fasterxml/jackson/core/jackson-core/2.14.3/jackson-core-2.14.3.jar:"/>
    <property name="sun.cpu.endian" value="little"/>
    <property name="user.home" value="/Users/leander"/>
    <property name="user.language" value="nl"/>
    <property name="java.specification.vendor" value="Oracle Corporation"/>
    <property name="java.version.date" value="2023-10-17"/>
    <property name="java.home" value="/opt/homebrew/Cellar/openjdk/21.0.1/libexec/openjdk.jdk/Contents/Home"/>
    <property name="file.separator" value="/"/>
    <property name="basedir" value="/Users/leander/Documents/School/UHasselt/Jaar 2/Cloud Computing/PE/wallet_java_rest/wallet-service"/>
    <property name="java.vm.compressedOopsMode" value="Zero based"/>
    <property name="line.separator" value="&#10;"/>
    <property name="java.vm.specification.vendor" value="Oracle Corporation"/>
    <property name="java.specification.name" value="Java Platform API Specification"/>
    <property name="apple.awt.application.name" value="ForkedBooter"/>
    <property name="surefire.real.class.path" value="/Users/leander/Documents/School/UHasselt/Jaar 2/Cloud Computing/PE/wallet_java_rest/wallet-service/target/surefire/surefirebooter7054411052861766823.jar"/>
    <property name="sun.management.compiler" value="HotSpot 64-Bit Tiered Compilers"/>
    <property name="ftp.nonProxyHosts" value="local|*.local|169.254/16|*.169.254/16"/>
    <property name="java.runtime.version" value="21.0.1"/>
    <property name="user.name" value="leander"/>
    <property name="stdout.encoding" value="UTF-8"/>
    <property name="path.separator" value=":"/>
    <property name="os.version" value="13.0.1"/>
    <property name="java.runtime.name" value="OpenJDK Runtime Environment"/>
    <property name="file.encoding" value="UTF-8"/>
    <property name="java.vm.name" value="OpenJDK 64-Bit Server VM"/>
    <property name="java.vendor.version" value="Homebrew"/>
    <property name="localRepository" value="/Users/leander/.m2/repository"/>
    <property name="java.vendor.url.bug" value="https://github.com/Homebrew/homebrew-core/issues"/>
    <property name="java.io.tmpdir" value="/var/folders/pn/dq34fkpx56j630tsrxnvnwsh0000gn/T/"/>
    <property name="java.version" value="21.0.1"/>
    <property name="user.dir" value="/Users/leander/Documents/School/UHasselt/Jaar 2/Cloud Computing/PE/wallet_java_rest/wallet-service"/>
    <property name="os.arch" value="aarch64"/>
    <property name="java.vm.specification.name" value="Java Virtual Machine Specification"/>
    <property name="native.encoding" value="UTF-8"/>
    <property name="java.library.path" value="/Users/leander/Library/Java/Extensions:/Library/Java/Extensions:/Network/Library/Java/Extensions:/System/Library/Java/Extensions:/usr/lib/java:."/>
    <property name="java.vm.info" value="mixed mode, sharing"/>
    <property name="stderr.encoding" value="UTF-8"/>
    <property name="java.vendor" value="Homebrew"/>
    <property name="java.vm.version" value="21.0.1"/>
    <property name="sun.io.unicode.encoding" value="UnicodeBig"/>
    <property name="socksNonProxyHosts" value="local|*.local|169.254/16|*.169.254/16"/>
    <property name="java.class.version" value="65.0"/>
  </properties>
  <testcase name="shouldAnswerWithTrue" classname="com.cloud.AppTest" time="0"/>
</testsuite>